<?xml version="1.0" encoding="UTF-8"?>
<!-- Generated by org.testng.reporters.JUnitXMLReporter -->
<testsuite ignored="0" hostname="WIN-Q2521SO8E4V" failures="0" tests="3" name="Default test" time="4.387" errors="0" timestamp="2023-11-20T12:30:55 IST">
  <testcase classname="HttpRequests.PostRequest" name="createUser" time="3.271"/>
  <testcase classname="HttpRequests.PostRequest" name="createUser" time="0.599"/>
  <testcase classname="HttpRequests.UpdateRequest" name="updateUser" time="0.47"/>
</testsuite> <!-- Default test -->
