<?xml version="1.0" encoding="UTF-8"?>
<!-- Generated by org.testng.reporters.JUnitXMLReporter -->
<testsuite hostname="ojas-dd484" ignored="0" name="Test" tests="6" failures="0" timestamp="27 Apr 2022 14:02:45 GMT" time="0.048" errors="0">
  <testcase name="test4" time="0.005" classname="packageone.Class2"/>
  <testcase name="test5" time="0.001" classname="packageone.Class2"/>
  <testcase name="test6" time="0.001" classname="packageone.Class2"/>
  <testcase name="test1" time="0.001" classname="packageone.cLASS1"/>
  <testcase name="test2" time="0.0" classname="packageone.cLASS1"/>
  <testcase name="test3" time="0.0" classname="packageone.cLASS1"/>
</testsuite> <!-- Test -->
