<?xml version="1.0" encoding="UTF-8"?>
<!-- Generated by org.testng.reporters.JUnitXMLReporter -->
<testsuite hostname="OJAS-DD347" tests="1" failures="1" timestamp="19 Aug 2022 09:38:34 GMT" time="5.757" errors="0">
  <testcase name="login1" time="1.258" classname="Testngclass">
    <failure type="junit.framework.ComparisonFailure" message="expected:&amp;lt;[thippesh]&amp;gt; but was:&amp;lt;[e]&amp;gt;">
      <![CDATA[junit.framework.ComparisonFailure: expected:<[thippesh]> but was:<[e]>
	at junit.framework.Assert.assertEquals(Assert.java:100)
	at junit.framework.Assert.assertEquals(Assert.java:107)
	at Testngclass.login1(Testngclass.java:23)
... Removed 25 stack frames]]>
    </failure>
  </testcase> <!-- login1 -->
</testsuite>
