<?xml version="1.0" encoding="UTF-8"?>
<testng-results ignored="0" total="1" passed="1" failed="0" skipped="0">
  <reporter-output>
  </reporter-output>
  <suite started-at="2024-01-08T10:31:50 IST" name="Default suite" finished-at="2024-01-08T10:31:54 IST" duration-ms="3949">
    <groups>
    </groups>
    <test started-at="2024-01-08T10:31:50 IST" name="Default test" finished-at="2024-01-08T10:31:54 IST" duration-ms="3949">
      <class name="JsonResponseValidator.ResponseData">
        <test-method signature="approch1()[pri:0, instance:JsonResponseValidator.ResponseData@bae7dc0]" started-at="2024-01-08T10:31:50 IST" name="approch1" finished-at="2024-01-08T10:31:54 IST" duration-ms="3894" status="PASS">
          <reporter-output>
          </reporter-output>
        </test-method> <!-- approch1 -->
      </class> <!-- JsonResponseValidator.ResponseData -->
    </test> <!-- Default test -->
  </suite> <!-- Default suite -->
</testng-results>
