<?xml version="1.0" encoding="UTF-8"?>
<!-- Generated by org.testng.reporters.JUnitXMLReporter -->
<testsuite hostname="OJAS-DD347" name="Test" tests="3" failures="3" timestamp="19 Aug 2022 12:09:26 GMT" time="0.11" errors="0">
  <testcase name="login" time="0.016" classname="packageone.dataprovider">
    <failure type="java.lang.NullPointerException">
      <![CDATA[java.lang.NullPointerException
	at packageone.dataprovider.login(dataprovider.java:31)
... Removed 25 stack frames]]>
    </failure>
  </testcase> <!-- login -->
  <testcase name="login" time="0.0" classname="packageone.dataprovider">
    <failure type="java.lang.NullPointerException">
      <![CDATA[java.lang.NullPointerException
	at packageone.dataprovider.login(dataprovider.java:31)
... Removed 25 stack frames]]>
    </failure>
  </testcase> <!-- login -->
  <testcase name="login" time="0.0" classname="packageone.dataprovider">
    <failure type="java.lang.NullPointerException">
      <![CDATA[java.lang.NullPointerException
	at packageone.dataprovider.login(dataprovider.java:31)
... Removed 25 stack frames]]>
    </failure>
  </testcase> <!-- login -->
</testsuite> <!-- Test -->
