<?xml version="1.0" encoding="UTF-8"?>
<testng-results ignored="0" total="1" passed="1" failed="0" skipped="0">
  <reporter-output>
  </reporter-output>
  <suite started-at="2023-07-10T04:27:18Z" name="Default suite" finished-at="2023-07-10T04:27:19Z" duration-ms="567">
    <groups>
    </groups>
    <test started-at="2023-07-10T04:27:18Z" name="Default test" finished-at="2023-07-10T04:27:19Z" duration-ms="567">
      <class name="AutomationTest.ExcelWriteProgram">
        <test-method signature="excelWrite()[pri:0, instance:AutomationTest.ExcelWriteProgram@7fcf2fc1]" started-at="2023-07-10T04:27:18Z" name="excelWrite" finished-at="2023-07-10T04:27:19Z" duration-ms="549" status="PASS">
          <reporter-output>
          </reporter-output>
        </test-method> <!-- excelWrite -->
      </class> <!-- AutomationTest.ExcelWriteProgram -->
    </test> <!-- Default test -->
  </suite> <!-- Default suite -->
</testng-results>
