<?xml version="1.0" encoding="UTF-8"?>
<testng-results skipped="0" failed="0" ignored="0" total="1" passed="1">
  <reporter-output>
  </reporter-output>
  <suite name="Default suite" duration-ms="23" started-at="2022-03-02T09:58:44Z" finished-at="2022-03-02T09:58:44Z">
    <groups>
    </groups>
    <test name="Default test" duration-ms="23" started-at="2022-03-02T09:58:44Z" finished-at="2022-03-02T09:58:44Z">
      <class name="test.testing.MavenClass">
        <test-method status="PASS" signature="methode1()[pri:0, instance:test.testing.MavenClass@1ce92674]" name="methode1" duration-ms="6" started-at="2022-03-02T09:58:44Z" finished-at="2022-03-02T09:58:44Z">
          <reporter-output>
          </reporter-output>
        </test-method> <!-- methode1 -->
      </class> <!-- test.testing.MavenClass -->
    </test> <!-- Default test -->
  </suite> <!-- Default suite -->
</testng-results>
