<?xml version="1.0" encoding="UTF-8"?>
<!-- Generated by org.testng.reporters.JUnitXMLReporter -->
<testsuite ignored="1" hostname="WIN-Q2521SO8E4V" failures="0" tests="7" name="chromeTest" time="0.069" errors="0" timestamp="2023-08-31T10:49:41 IST">
  <testcase classname="TestnGTopics.FlagsOfTestNG" name="test1" time="0.009"/>
  <testcase classname="TestnGTopics.FlagsOfTestNG" name="test3" time="0.002"/>
  <testcase classname="TestnGTopics.FlagsOfTestNG" name="test3" time="0.001"/>
  <testcase classname="TestnGTopics.FlagsOfTestNG" name="test3" time="0.002"/>
  <testcase classname="TestnGTopics.FlagsOfTestNG" name="test3" time="0.002"/>
  <testcase classname="TestnGTopics.FlagsOfTestNG" name="test3" time="0.001"/>
  <testcase classname="TestnGTopics.FlagsOfTestNG" name="test4" time="0.001"/>
  <testcase classname="TestnGTopics.FlagsOfTestNG" name="test2" time="0.0">
    <ignored/>
  </testcase> <!-- test2 -->
</testsuite> <!-- chromeTest -->
