<?xml version="1.0" encoding="UTF-8"?>
<!-- Generated by org.testng.reporters.JUnitXMLReporter -->
<testsuite ignored="0" hostname="ojas-dl663" failures="1" tests="1" name="Test" time="0.037" errors="0" timestamp="2023-07-19T14:39:52 IST">
  <testcase classname="TestNGPractice.ParameterTest" name="testMethod" time="0.0">
    <failure type="org.testng.TestNGException" message="
Parameter &amp;apos;browser&amp;apos; is required by @Test on method testMethod but has not been marked @Optional or defined
in C:\Users\vc21352\eclipse-workspace\TestNGPrograms\testng.xml">
      <![CDATA[org.testng.TestNGException: 
Parameter 'browser' is required by @Test on method testMethod but has not been marked @Optional or defined
in C:\Users\vc21352\eclipse-workspace\TestNGPrograms\testng.xml
at java.base/java.util.ArrayList.forEach(ArrayList.java:1511)
... Removed 26 stack frames]]>
    </failure>
  </testcase> <!-- testMethod -->
</testsuite> <!-- Test -->
