<?xml version="1.0" encoding="UTF-8"?>
<testng-results ignored="1" total="8" passed="7" failed="0" skipped="0">
  <reporter-output>
    <line>
      <![CDATA[test1]]>
    </line>
    <line>
      <![CDATA[test3]]>
    </line>
    <line>
      <![CDATA[test3]]>
    </line>
    <line>
      <![CDATA[test3]]>
    </line>
    <line>
      <![CDATA[test3]]>
    </line>
    <line>
      <![CDATA[test3]]>
    </line>
    <line>
      <![CDATA[test4]]>
    </line>
  </reporter-output>
  <suite started-at="2023-08-31T10:49:41 IST" name="Suite" finished-at="2023-08-31T10:49:41 IST" duration-ms="69">
    <groups>
    </groups>
    <test started-at="2023-08-31T10:49:41 IST" name="chromeTest" finished-at="2023-08-31T10:49:41 IST" duration-ms="69">
      <class name="TestnGTopics.FlagsOfTestNG">
        <test-method signature="test1()[pri:0, instance:TestnGTopics.FlagsOfTestNG@73ee04c8]" started-at="2023-08-31T10:49:41 IST" name="test1" finished-at="2023-08-31T10:49:41 IST" duration-ms="9" status="PASS">
          <reporter-output>
            <line>
              <![CDATA[test1]]>
            </line>
          </reporter-output>
        </test-method> <!-- test1 -->
        <test-method signature="test3()[pri:2, instance:TestnGTopics.FlagsOfTestNG@73ee04c8]" started-at="2023-08-31T10:49:41 IST" name="test3" finished-at="2023-08-31T10:49:41 IST" duration-ms="2" status="PASS">
          <reporter-output>
            <line>
              <![CDATA[test3]]>
            </line>
          </reporter-output>
        </test-method> <!-- test3 -->
        <test-method signature="test3()[pri:2, instance:TestnGTopics.FlagsOfTestNG@73ee04c8]" started-at="2023-08-31T10:49:41 IST" name="test3" finished-at="2023-08-31T10:49:41 IST" duration-ms="1" status="PASS">
          <reporter-output>
            <line>
              <![CDATA[test3]]>
            </line>
          </reporter-output>
        </test-method> <!-- test3 -->
        <test-method signature="test3()[pri:2, instance:TestnGTopics.FlagsOfTestNG@73ee04c8]" started-at="2023-08-31T10:49:41 IST" name="test3" finished-at="2023-08-31T10:49:41 IST" duration-ms="2" status="PASS">
          <reporter-output>
            <line>
              <![CDATA[test3]]>
            </line>
          </reporter-output>
        </test-method> <!-- test3 -->
        <test-method signature="test3()[pri:2, instance:TestnGTopics.FlagsOfTestNG@73ee04c8]" started-at="2023-08-31T10:49:41 IST" name="test3" finished-at="2023-08-31T10:49:41 IST" duration-ms="2" status="PASS">
          <reporter-output>
            <line>
              <![CDATA[test3]]>
            </line>
          </reporter-output>
        </test-method> <!-- test3 -->
        <test-method signature="test3()[pri:2, instance:TestnGTopics.FlagsOfTestNG@73ee04c8]" started-at="2023-08-31T10:49:41 IST" name="test3" finished-at="2023-08-31T10:49:41 IST" duration-ms="1" status="PASS">
          <reporter-output>
            <line>
              <![CDATA[test3]]>
            </line>
          </reporter-output>
        </test-method> <!-- test3 -->
        <test-method signature="test4()[pri:3, instance:TestnGTopics.FlagsOfTestNG@73ee04c8]" started-at="2023-08-31T10:49:41 IST" name="test4" finished-at="2023-08-31T10:49:41 IST" depends-on-methods="TestnGTopics.FlagsOfTestNG.test3, TestnGTopics.FlagsOfTestNG.test1" duration-ms="1" status="PASS">
          <reporter-output>
            <line>
              <![CDATA[test4]]>
            </line>
          </reporter-output>
        </test-method> <!-- test4 -->
      </class> <!-- TestnGTopics.FlagsOfTestNG -->
    </test> <!-- chromeTest -->
  </suite> <!-- Suite -->
</testng-results>
