<?xml version="1.0" encoding="UTF-8"?>
<testng-results ignored="0" total="3" passed="3" failed="0" skipped="0">
  <reporter-output>
  </reporter-output>
  <suite started-at="2023-11-20T12:30:50 IST" name="Default suite" finished-at="2023-11-20T12:30:55 IST" duration-ms="4387">
    <groups>
    </groups>
    <test started-at="2023-11-20T12:30:50 IST" name="Default test" finished-at="2023-11-20T12:30:55 IST" duration-ms="4387">
      <class name="HttpRequests.PostRequest">
        <test-method signature="createUser()[pri:1, instance:HttpRequests.PostRequest@e15b7e8]" started-at="2023-11-20T12:30:50 IST" name="createUser" finished-at="2023-11-20T12:30:54 IST" duration-ms="3271" status="PASS">
          <reporter-output>
          </reporter-output>
        </test-method> <!-- createUser -->
      </class> <!-- HttpRequests.PostRequest -->
      <class name="HttpRequests.UpdateRequest">
        <test-method signature="createUser()[pri:1, instance:HttpRequests.UpdateRequest@17497425]" started-at="2023-11-20T12:30:54 IST" name="createUser" finished-at="2023-11-20T12:30:54 IST" duration-ms="599" status="PASS">
          <reporter-output>
          </reporter-output>
        </test-method> <!-- createUser -->
        <test-method signature="updateUser()[pri:2, instance:HttpRequests.UpdateRequest@17497425]" started-at="2023-11-20T12:30:54 IST" name="updateUser" finished-at="2023-11-20T12:30:55 IST" depends-on-methods="HttpRequests.PostRequest.createUser" duration-ms="470" status="PASS">
          <reporter-output>
          </reporter-output>
        </test-method> <!-- updateUser -->
      </class> <!-- HttpRequests.UpdateRequest -->
    </test> <!-- Default test -->
  </suite> <!-- Default suite -->
</testng-results>
