<?xml version="1.0" encoding="UTF-8"?>
<!-- Generated by org.testng.reporters.JUnitXMLReporter -->
<testsuite ignored="0" hostname="WIN-Q2521SO8E4V" failures="0" tests="3" name="Default test" time="67.043" errors="0" timestamp="2024-01-22T10:34:35 IST">
  <testcase classname="com.tutorialsNinja.implementation.RegistrationImplementation" name="register" time="20.627"/>
  <testcase classname="com.tutorialsNinja.implementation.LoginPageImplementation" name="login" time="9.201"/>
  <testcase classname="com.tutorialsNinja.implementation.MyAccountImplementation" name="muAccount" time="28.72"/>
</testsuite> <!-- Default test -->
