<?xml version="1.0" encoding="UTF-8"?>
<testng-results ignored="0" total="1" passed="1" failed="0" skipped="0">
  <reporter-output>
  </reporter-output>
  <suite started-at="2023-09-18T15:27:58 IST" name="Default suite" finished-at="2023-09-18T15:27:58 IST" duration-ms="497">
    <groups>
    </groups>
    <test started-at="2023-09-18T15:27:58 IST" name="Default test" finished-at="2023-09-18T15:27:58 IST" duration-ms="497">
      <class name="Authorization.FakerData">
        <test-method signature="fakeData()[pri:0, instance:Authorization.FakerData@3b6ddd1d]" started-at="2023-09-18T15:27:58 IST" name="fakeData" finished-at="2023-09-18T15:27:58 IST" duration-ms="433" status="PASS">
          <reporter-output>
          </reporter-output>
        </test-method> <!-- fakeData -->
      </class> <!-- Authorization.FakerData -->
    </test> <!-- Default test -->
  </suite> <!-- Default suite -->
</testng-results>
